C:\USERS\YOONSUNG\DOCUMENTS\VISUAL STUDIO 2012\PROJECTS\CPP\SUD\DEBUG\SUD.PCH
C:\USERS\YOONSUNG\DOCUMENTS\VISUAL STUDIO 2012\PROJECTS\CPP\SUD\DEBUG\STDAFX.OBJ
C:\USERS\YOONSUNG\DOCUMENTS\VISUAL STUDIO 2012\PROJECTS\CPP\SUD\DEBUG\VC110.PDB
C:\USERS\YOONSUNG\DOCUMENTS\VISUAL STUDIO 2012\PROJECTS\CPP\SUD\DEBUG\CHARACTER.OBJ
C:\USERS\YOONSUNG\DOCUMENTS\VISUAL STUDIO 2012\PROJECTS\CPP\SUD\DEBUG\GAMEMANAGER.OBJ
C:\USERS\YOONSUNG\DOCUMENTS\VISUAL STUDIO 2012\PROJECTS\CPP\SUD\DEBUG\GAMEMAP.OBJ
C:\USERS\YOONSUNG\DOCUMENTS\VISUAL STUDIO 2012\PROJECTS\CPP\SUD\DEBUG\MONSTER.OBJ
C:\USERS\YOONSUNG\DOCUMENTS\VISUAL STUDIO 2012\PROJECTS\CPP\SUD\DEBUG\PLAYERCHARACTER.OBJ
C:\USERS\YOONSUNG\DOCUMENTS\VISUAL STUDIO 2012\PROJECTS\CPP\SUD\DEBUG\SUD.OBJ
C:\USERS\YOONSUNG\DOCUMENTS\VISUAL STUDIO 2012\PROJECTS\CPP\DEBUG\SUD.ILK
C:\USERS\YOONSUNG\DOCUMENTS\VISUAL STUDIO 2012\PROJECTS\CPP\DEBUG\SUD.EXE
C:\USERS\YOONSUNG\DOCUMENTS\VISUAL STUDIO 2012\PROJECTS\CPP\DEBUG\SUD.PDB
C:\Users\YoonSung\Documents\Visual Studio 2012\Projects\cpp\SUD\Debug\Character.obj
C:\Users\YoonSung\Documents\Visual Studio 2012\Projects\cpp\SUD\Debug\GameManager.obj
C:\Users\YoonSung\Documents\Visual Studio 2012\Projects\cpp\SUD\Debug\GameMap.obj
C:\Users\YoonSung\Documents\Visual Studio 2012\Projects\cpp\SUD\Debug\Monster.obj
C:\Users\YoonSung\Documents\Visual Studio 2012\Projects\cpp\SUD\Debug\PlayerCharacter.obj
C:\Users\YoonSung\Documents\Visual Studio 2012\Projects\cpp\SUD\Debug\stdafx.obj
C:\Users\YoonSung\Documents\Visual Studio 2012\Projects\cpp\SUD\Debug\SUD.obj
C:\Users\YoonSung\Documents\Visual Studio 2012\Projects\cpp\SUD\Debug\cl.command.1.tlog
C:\Users\YoonSung\Documents\Visual Studio 2012\Projects\cpp\SUD\Debug\CL.read.1.tlog
C:\Users\YoonSung\Documents\Visual Studio 2012\Projects\cpp\SUD\Debug\CL.write.1.tlog
C:\Users\YoonSung\Documents\Visual Studio 2012\Projects\cpp\SUD\Debug\link-cvtres.read.1.tlog
C:\Users\YoonSung\Documents\Visual Studio 2012\Projects\cpp\SUD\Debug\link-cvtres.write.1.tlog
C:\Users\YoonSung\Documents\Visual Studio 2012\Projects\cpp\SUD\Debug\link-rc.read.1.tlog
C:\Users\YoonSung\Documents\Visual Studio 2012\Projects\cpp\SUD\Debug\link-rc.write.1.tlog
C:\Users\YoonSung\Documents\Visual Studio 2012\Projects\cpp\SUD\Debug\link.command.1.tlog
C:\Users\YoonSung\Documents\Visual Studio 2012\Projects\cpp\SUD\Debug\link.read.1.tlog
C:\Users\YoonSung\Documents\Visual Studio 2012\Projects\cpp\SUD\Debug\link.write.1.tlog
C:\Users\YoonSung\Documents\Visual Studio 2012\Projects\cpp\SUD\Debug\SUD.pch
C:\Users\YoonSung\Documents\Visual Studio 2012\Projects\cpp\SUD\Debug\vc110.idb
C:\Users\YoonSung\Documents\Visual Studio 2012\Projects\cpp\SUD\Debug\vc110.pdb
C:\Users\YoonSung\Documents\Visual Studio 2012\Projects\cpp\Debug\SUD.pdb
C:\Users\YoonSung\Documents\Visual Studio 2012\Projects\cpp\Debug\SUD.exe
C:\Users\YoonSung\Documents\Visual Studio 2012\Projects\cpp\Debug\SUD.ilk
