빌드 시작: 2013-12-14 오후 11:53:47
     1>2 노드의 "C:\Users\YoonSung\Documents\Visual Studio 2012\Projects\cpp\MUDGAME\SUD\SUD.vcxproj" 프로젝트(Build 대상)입니다.
     1>ClCompile:
         C:\Program Files (x86)\Microsoft Visual Studio 11.0\VC\bin\CL.exe /c /ZI /nologo /W3 /WX- /sdl /Od /Oy- /D WIN32 /D _DEBUG /D _CONSOLE /D _UNICODE /D UNICODE /Gm /EHsc /RTC1 /MDd /GS /fp:precise /Zc:wchar_t /Zc:forScope /Yc"stdafx.h" /Fp"Debug\SUD.pch" /Fo"Debug\\" /Fd"Debug\vc110.pdb" /Gd /TP /analyze- /errorReport:prompt stdafx.cpp
         stdafx.cpp
         C:\Program Files (x86)\Microsoft Visual Studio 11.0\VC\bin\CL.exe /c /ZI /nologo /W3 /WX- /sdl /Od /Oy- /D WIN32 /D _DEBUG /D _CONSOLE /D _UNICODE /D UNICODE /Gm /EHsc /RTC1 /MDd /GS /fp:precise /Zc:wchar_t /Zc:forScope /Fo"Debug\\" /Fd"Debug\vc110.pdb" /Gd /TP /analyze- /errorReport:prompt Character.cpp GameManager.cpp GameMap.cpp Monster.cpp PlayerCharacter.cpp Printer.cpp Room.cpp SUD.cpp
         SUD.cpp
         Room.cpp
         Printer.cpp
         PlayerCharacter.cpp
         Monster.cpp
         GameMap.cpp
         GameManager.cpp
         Character.cpp
         코드를 생성하고 있습니다...
       Link:
         C:\Program Files (x86)\Microsoft Visual Studio 11.0\VC\bin\link.exe /ERRORREPORT:PROMPT /OUT:"C:\Users\YoonSung\Documents\Visual Studio 2012\Projects\cpp\MUDGAME\SUD\Debug\SUD.exe" /INCREMENTAL /NOLOGO kernel32.lib user32.lib gdi32.lib winspool.lib comdlg32.lib advapi32.lib shell32.lib ole32.lib oleaut32.lib uuid.lib odbc32.lib odbccp32.lib /MANIFEST /MANIFESTUAC:"level='asInvoker' uiAccess='false'" /manifest:embed /DEBUG /PDB:"C:\Users\YoonSung\Documents\Visual Studio 2012\Projects\cpp\MUDGAME\SUD\Debug\SUD.pdb" /SUBSYSTEM:CONSOLE /TLBID:1 /DYNAMICBASE /NXCOMPAT /IMPLIB:"C:\Users\YoonSung\Documents\Visual Studio 2012\Projects\cpp\MUDGAME\SUD\Debug\SUD.lib" /MACHINE:X86 Debug\Character.obj
         Debug\GameManager.obj
         Debug\GameMap.obj
         Debug\Monster.obj
         Debug\PlayerCharacter.obj
         Debug\Printer.obj
         Debug\Room.obj
         Debug\stdafx.obj
         Debug\SUD.obj
         LINK : C:\Users\YoonSung\Documents\Visual Studio 2012\Projects\cpp\MUDGAME\SUD\Debug\SUD.exe을(를) 찾을 수 없거나 마지막 증분 링크에 의해 빌드되지 않았습니다. 전체 링크를 수행하고 있습니다.
         SUD.vcxproj -> C:\Users\YoonSung\Documents\Visual Studio 2012\Projects\cpp\MUDGAME\SUD\Debug\SUD.exe
     1>"C:\Users\YoonSung\Documents\Visual Studio 2012\Projects\cpp\MUDGAME\SUD\SUD.vcxproj" 프로젝트를 빌드했습니다(Build 대상).

빌드했습니다.

경과 시간: 00:00:15.99
