C:\USERS\YOONSUNG\DOCUMENTS\VISUAL STUDIO 2012\PROJECTS\CPP\SUD\RELEASE\SUD.PCH
C:\USERS\YOONSUNG\DOCUMENTS\VISUAL STUDIO 2012\PROJECTS\CPP\SUD\RELEASE\STDAFX.OBJ
C:\USERS\YOONSUNG\DOCUMENTS\VISUAL STUDIO 2012\PROJECTS\CPP\SUD\RELEASE\VC110.PDB
C:\USERS\YOONSUNG\DOCUMENTS\VISUAL STUDIO 2012\PROJECTS\CPP\SUD\RELEASE\SUD.OBJ
C:\USERS\YOONSUNG\DOCUMENTS\VISUAL STUDIO 2012\PROJECTS\CPP\SUD\RELEASE\PLAYERCHARACTER.OBJ
C:\USERS\YOONSUNG\DOCUMENTS\VISUAL STUDIO 2012\PROJECTS\CPP\SUD\RELEASE\MONSTER.OBJ
C:\USERS\YOONSUNG\DOCUMENTS\VISUAL STUDIO 2012\PROJECTS\CPP\SUD\RELEASE\GAMEMANAGER.OBJ
C:\USERS\YOONSUNG\DOCUMENTS\VISUAL STUDIO 2012\PROJECTS\CPP\SUD\RELEASE\CHARACTER.OBJ
C:\USERS\YOONSUNG\DOCUMENTS\VISUAL STUDIO 2012\PROJECTS\CPP\SUD\RELEASE\GAMEMAP.OBJ
C:\USERS\YOONSUNG\DOCUMENTS\VISUAL STUDIO 2012\PROJECTS\CPP\RELEASE\SUD.EXE
C:\USERS\YOONSUNG\DOCUMENTS\VISUAL STUDIO 2012\PROJECTS\CPP\RELEASE\SUD.PDB
C:\Users\YoonSung\Documents\Visual Studio 2012\Projects\cpp\SUD\Release\Character.obj
C:\Users\YoonSung\Documents\Visual Studio 2012\Projects\cpp\SUD\Release\GameManager.obj
C:\Users\YoonSung\Documents\Visual Studio 2012\Projects\cpp\SUD\Release\GameMap.obj
C:\Users\YoonSung\Documents\Visual Studio 2012\Projects\cpp\SUD\Release\Monster.obj
C:\Users\YoonSung\Documents\Visual Studio 2012\Projects\cpp\SUD\Release\PlayerCharacter.obj
C:\Users\YoonSung\Documents\Visual Studio 2012\Projects\cpp\SUD\Release\stdafx.obj
C:\Users\YoonSung\Documents\Visual Studio 2012\Projects\cpp\SUD\Release\SUD.obj
C:\Users\YoonSung\Documents\Visual Studio 2012\Projects\cpp\SUD\Release\cl.command.1.tlog
C:\Users\YoonSung\Documents\Visual Studio 2012\Projects\cpp\SUD\Release\CL.read.1.tlog
C:\Users\YoonSung\Documents\Visual Studio 2012\Projects\cpp\SUD\Release\CL.write.1.tlog
C:\Users\YoonSung\Documents\Visual Studio 2012\Projects\cpp\SUD\Release\link-cvtres.read.1.tlog
C:\Users\YoonSung\Documents\Visual Studio 2012\Projects\cpp\SUD\Release\link-cvtres.write.1.tlog
C:\Users\YoonSung\Documents\Visual Studio 2012\Projects\cpp\SUD\Release\link-rc.read.1.tlog
C:\Users\YoonSung\Documents\Visual Studio 2012\Projects\cpp\SUD\Release\link-rc.write.1.tlog
C:\Users\YoonSung\Documents\Visual Studio 2012\Projects\cpp\SUD\Release\link.command.1.tlog
C:\Users\YoonSung\Documents\Visual Studio 2012\Projects\cpp\SUD\Release\link.read.1.tlog
C:\Users\YoonSung\Documents\Visual Studio 2012\Projects\cpp\SUD\Release\link.read.2.tlog
C:\Users\YoonSung\Documents\Visual Studio 2012\Projects\cpp\SUD\Release\link.read.3.tlog
C:\Users\YoonSung\Documents\Visual Studio 2012\Projects\cpp\SUD\Release\link.read.4.tlog
C:\Users\YoonSung\Documents\Visual Studio 2012\Projects\cpp\SUD\Release\link.write.1.tlog
C:\Users\YoonSung\Documents\Visual Studio 2012\Projects\cpp\SUD\Release\SUD.pch
C:\Users\YoonSung\Documents\Visual Studio 2012\Projects\cpp\SUD\Release\vc110.pdb
C:\Users\YoonSung\Documents\Visual Studio 2012\Projects\cpp\Release\SUD.pdb
C:\Users\YoonSung\Documents\Visual Studio 2012\Projects\cpp\Release\SUD.exe
